[18июн.2026 19:05:42.591] [main/INFO] [cpw.mods.modlauncher.Launcher/MODLAUNCHER]: ModLauncher running: args [--launchTarget, forgedatadev, --assetIndex, 17, --assetsDir, C:\\Users\\ruskelly\\.gradle\\caches\\neoformruntime\\assets, --gameDir, ., --fml.fmlVersion, 4.0.42, --fml.mcVersion, 1.21.1, --fml.neoForgeVersion, 21.1.232, --fml.neoFormVersion, 20240808.144430, --mod, spatialminer, --all, --output, C:\\Users\\ruskelly\\IdeaProjects\\Spatial_Miner\\src\\generated\\resources, --existing, C:\\Users\\ruskelly\\IdeaProjects\\Spatial_Miner\\src\\main\\resources]
[18июн.2026 19:05:42.597] [main/INFO] [cpw.mods.modlauncher.Launcher/MODLAUNCHER]: JVM identified as Oracle Corporation Java HotSpot(TM) 64-Bit Server VM 21.0.8+12-LTS-250
[18июн.2026 19:05:42.602] [main/INFO] [cpw.mods.modlauncher.Launcher/MODLAUNCHER]: ModLauncher 11.0.5+main.901c6ea8 starting: java version 21.0.8 by Oracle Corporation; OS Windows 11 arch amd64 version 10.0
[18июн.2026 19:05:42.812] [main/INFO] [net.neoforged.fml.loading.ImmediateWindowHandler/]: ImmediateWindowProvider not loading because launch target is forgedatadev
[18июн.2026 19:05:42.890] [main/INFO] [mixin/]: SpongePowered MIXIN Subsystem Version=0.8.7 Source=union:/C:/Users/ruskelly/.gradle/caches/modules-2/files-2.1/net.fabricmc/sponge-mixin/0.15.2+mixin.0.8.7/2af2f021d8e02a0220dc27a7a72b4666d66d44ca/sponge-mixin-0.15.2+mixin.0.8.7.jar%23138!/ Service=ModLauncher Env=CLIENT
[18июн.2026 19:05:43.410] [main/INFO] [net.neoforged.fml.loading.moddiscovery.locators.JarInJarDependencyLocator/]: Found 2 dependencies adding them to mods collection
[18июн.2026 19:05:43.413] [main/INFO] [net.neoforged.fml.loading.moddiscovery.ModDiscoverer/]: 
     Mod List:
		Name Version (Mod Id)

		Minecraft 1.21.1 (minecraft)
		NeoForge 21.1.232 (neoforge)
		Spatial Miner 1.0.0 (spatialminer)
[18июн.2026 19:05:44.935] [main/INFO] [cpw.mods.modlauncher.LaunchServiceHandler/MODLAUNCHER]: Launching target 'forgedatadev' with arguments [--gameDir, ., --assetsDir, C:\Users\ruskelly\.gradle\caches\neoformruntime\assets, --assetIndex, 17, --mod, spatialminer, --all, --output, C:\\Users\\ruskelly\\IdeaProjects\\Spatial_Miner\\src\\generated\\resources, --existing, C:\\Users\\ruskelly\\IdeaProjects\\Spatial_Miner\\src\\main\\resources]
[18июн.2026 19:05:45.576] [main/INFO] [net.neoforged.neoforge.data.loading.DatagenModLoader/]: Initializing Data Gatherer for mods [spatialminer]
[18июн.2026 19:05:45.600] [main/INFO] [MixinExtras|Service/]: Initializing MixinExtras via com.llamalad7.mixinextras.service.MixinExtrasServiceImpl(version=0.5.3).
[18июн.2026 19:05:53.766] [modloading-worker-0/INFO] [net.neoforged.neoforge.common.NeoForgeMod/NEOFORGE-MOD]: NeoForge mod loading, version 21.1.232, for MC 1.21.1
[18июн.2026 19:05:54.338] [main/WARN] [net.minecraft.server.packs.VanillaPackResourcesBuilder/]: Assets URL 'union:/C:/Users/ruskelly/IdeaProjects/Spatial_Miner/build/moddev/artifacts/neoforge-21.1.232-minecraft.jar%23189!/assets/.mcassetsroot' uses unexpected schema
[18июн.2026 19:05:54.340] [main/WARN] [net.minecraft.server.packs.VanillaPackResourcesBuilder/]: Assets URL 'union:/C:/Users/ruskelly/IdeaProjects/Spatial_Miner/build/moddev/artifacts/neoforge-21.1.232-minecraft.jar%23189!/data/.mcassetsroot' uses unexpected schema
[18июн.2026 19:05:54.735] [main/INFO] [net.minecraft.data.DataGenerator/]: Starting provider: Block States: spatialminer
[18июн.2026 19:05:54.806] [main/INFO] [net.minecraft.data.DataGenerator/]: Block States: spatialminer finished after 68 ms
[18июн.2026 19:05:54.806] [main/INFO] [net.minecraft.data.DataGenerator/]: All providers took: 71 ms
[18июн.2026 19:05:54.820] [main/INFO] [net.minecraft.data.HashCache/]: Caching: total files: 8, old count: 0, new count: 9, removed stale: 0, written: 8
